2024-08-02 21:39:45,597 - ERROR - Error while scraping comic details from https://nettruyenfull.com/truyen-tranh/tieu-thu-trung-sinh-chinh-phuc-long-e-be-ha-s23672-23672: Message: stale element reference: stale element not found
  (Session info: chrome=127.0.6533.89); For documentation on this error, please visit: https://www.selenium.dev/documentation/webdriver/troubleshooting/errors#stale-element-reference-exception
Stacktrace:
0   uc_driver                           0x0000000100682898 uc_driver + 5179544
1   uc_driver                           0x000000010067a2ca uc_driver + 5145290
2   uc_driver                           0x00000001001f12b0 uc_driver + 389808
3   uc_driver                           0x0000000100201320 uc_driver + 455456
4   uc_driver                           0x0000000100201c5a uc_driver + 457818
5   uc_driver                           0x00000001001f7a55 uc_driver + 416341
6   uc_driver                           0x00000001001f5d75 uc_driver + 408949
7   uc_driver                           0x00000001001f8d6f uc_driver + 421231
8   uc_driver                           0x00000001001f8e1c uc_driver + 421404
9   uc_driver                           0x000000010023d15f uc_driver + 700767
10  uc_driver                           0x000000010023d691 uc_driver + 702097
11  uc_driver                           0x0000000100231f56 uc_driver + 655190
12  uc_driver                           0x000000010025f7dd uc_driver + 841693
13  uc_driver                           0x0000000100231e58 uc_driver + 654936
14  uc_driver                           0x000000010025f96e uc_driver + 842094
15  uc_driver                           0x000000010027cb9b uc_driver + 961435
16  uc_driver                           0x000000010025f553 uc_driver + 841043
17  uc_driver                           0x00000001002307f6 uc_driver + 649206
18  uc_driver                           0x000000010023105e uc_driver + 651358
19  uc_driver                           0x0000000100645b00 uc_driver + 4930304
20  uc_driver                           0x000000010064aa16 uc_driver + 4950550
21  uc_driver                           0x000000010064b0e5 uc_driver + 4952293
22  uc_driver                           0x0000000100627ec9 uc_driver + 4808393
23  uc_driver                           0x000000010064b3d9 uc_driver + 4953049
24  uc_driver                           0x0000000100619824 uc_driver + 4749348
25  uc_driver                           0x000000010066a5a8 uc_driver + 5080488
26  uc_driver                           0x000000010066a767 uc_driver + 5080935
27  uc_driver                           0x0000000100679eae uc_driver + 5144238
28  libsystem_pthread.dylib             0x00007ff80edbc18b _pthread_start + 99
29  libsystem_pthread.dylib             0x00007ff80edb7ae3 thread_start + 15

2024-08-02 21:44:33,768 - ERROR - Error while scraping comic details from https://nettruyenfull.com/truyen-tranh/tieu-thu-trung-sinh-chinh-phuc-long-e-be-ha-s23672-23672: Message: stale element reference: stale element not found
  (Session info: chrome=127.0.6533.89); For documentation on this error, please visit: https://www.selenium.dev/documentation/webdriver/troubleshooting/errors#stale-element-reference-exception
Stacktrace:
0   uc_driver                           0x00000001025c3898 uc_driver + 5179544
1   uc_driver                           0x00000001025bb2ca uc_driver + 5145290
2   uc_driver                           0x00000001021322b0 uc_driver + 389808
3   uc_driver                           0x0000000102142320 uc_driver + 455456
4   uc_driver                           0x0000000102142c5a uc_driver + 457818
5   uc_driver                           0x0000000102138a55 uc_driver + 416341
6   uc_driver                           0x0000000102136d75 uc_driver + 408949
7   uc_driver                           0x0000000102139d6f uc_driver + 421231
8   uc_driver                           0x0000000102139e1c uc_driver + 421404
9   uc_driver                           0x000000010217e15f uc_driver + 700767
10  uc_driver                           0x000000010217e691 uc_driver + 702097
11  uc_driver                           0x0000000102172f56 uc_driver + 655190
12  uc_driver                           0x00000001021a07dd uc_driver + 841693
13  uc_driver                           0x0000000102172e58 uc_driver + 654936
14  uc_driver                           0x00000001021a096e uc_driver + 842094
15  uc_driver                           0x00000001021bdb9b uc_driver + 961435
16  uc_driver                           0x00000001021a0553 uc_driver + 841043
17  uc_driver                           0x00000001021717f6 uc_driver + 649206
18  uc_driver                           0x000000010217205e uc_driver + 651358
19  uc_driver                           0x0000000102586b00 uc_driver + 4930304
20  uc_driver                           0x000000010258ba16 uc_driver + 4950550
21  uc_driver                           0x000000010258c0e5 uc_driver + 4952293
22  uc_driver                           0x0000000102568ec9 uc_driver + 4808393
23  uc_driver                           0x000000010258c3d9 uc_driver + 4953049
24  uc_driver                           0x000000010255a824 uc_driver + 4749348
25  uc_driver                           0x00000001025ab5a8 uc_driver + 5080488
26  uc_driver                           0x00000001025ab767 uc_driver + 5080935
27  uc_driver                           0x00000001025baeae uc_driver + 5144238
28  libsystem_pthread.dylib             0x00007ff80edbc18b _pthread_start + 99
29  libsystem_pthread.dylib             0x00007ff80edb7ae3 thread_start + 15

2024-08-02 21:44:43,346 - ERROR - Error while scraping comic details from https://nettruyenfull.com/truyen-tranh/nguyen-lai-ta-la-tu-tien-ai-lao-s114-114: Message: stale element reference: stale element not found
  (Session info: chrome=127.0.6533.89); For documentation on this error, please visit: https://www.selenium.dev/documentation/webdriver/troubleshooting/errors#stale-element-reference-exception
Stacktrace:
0   uc_driver                           0x0000000104770898 uc_driver + 5179544
1   uc_driver                           0x00000001047682ca uc_driver + 5145290
2   uc_driver                           0x00000001042df2b0 uc_driver + 389808
3   uc_driver                           0x00000001042ef320 uc_driver + 455456
4   uc_driver                           0x00000001042efc5a uc_driver + 457818
5   uc_driver                           0x00000001042e5a55 uc_driver + 416341
6   uc_driver                           0x00000001042e3d75 uc_driver + 408949
7   uc_driver                           0x00000001042e6d6f uc_driver + 421231
8   uc_driver                           0x00000001042e6e1c uc_driver + 421404
9   uc_driver                           0x000000010432b15f uc_driver + 700767
10  uc_driver                           0x000000010432b691 uc_driver + 702097
11  uc_driver                           0x000000010431ff56 uc_driver + 655190
12  uc_driver                           0x000000010434d7dd uc_driver + 841693
13  uc_driver                           0x000000010431fe58 uc_driver + 654936
14  uc_driver                           0x000000010434d96e uc_driver + 842094
15  uc_driver                           0x000000010436ab9b uc_driver + 961435
16  uc_driver                           0x000000010434d553 uc_driver + 841043
17  uc_driver                           0x000000010431e7f6 uc_driver + 649206
18  uc_driver                           0x000000010431f05e uc_driver + 651358
19  uc_driver                           0x0000000104733b00 uc_driver + 4930304
20  uc_driver                           0x0000000104738a16 uc_driver + 4950550
21  uc_driver                           0x00000001047390e5 uc_driver + 4952293
22  uc_driver                           0x0000000104715ec9 uc_driver + 4808393
23  uc_driver                           0x00000001047393d9 uc_driver + 4953049
24  uc_driver                           0x0000000104707824 uc_driver + 4749348
25  uc_driver                           0x00000001047585a8 uc_driver + 5080488
26  uc_driver                           0x0000000104758767 uc_driver + 5080935
27  uc_driver                           0x0000000104767eae uc_driver + 5144238
28  libsystem_pthread.dylib             0x00007ff80edbc18b _pthread_start + 99
29  libsystem_pthread.dylib             0x00007ff80edb7ae3 thread_start + 15

2024-08-02 21:46:02,803 - ERROR - Error while scraping comic details from https://nettruyenfull.com/truyen-tranh/tieu-thu-trung-sinh-chinh-phuc-long-e-be-ha-s23672-23672: Message: stale element reference: stale element not found
  (Session info: chrome=127.0.6533.89); For documentation on this error, please visit: https://www.selenium.dev/documentation/webdriver/troubleshooting/errors#stale-element-reference-exception
Stacktrace:
0   uc_driver                           0x000000010085e898 uc_driver + 5179544
1   uc_driver                           0x00000001008562ca uc_driver + 5145290
2   uc_driver                           0x00000001003cd2b0 uc_driver + 389808
3   uc_driver                           0x00000001003dd320 uc_driver + 455456
4   uc_driver                           0x00000001003ddc5a uc_driver + 457818
5   uc_driver                           0x00000001003d3a55 uc_driver + 416341
6   uc_driver                           0x00000001003d1d75 uc_driver + 408949
7   uc_driver                           0x00000001003d4d6f uc_driver + 421231
8   uc_driver                           0x00000001003d4e1c uc_driver + 421404
9   uc_driver                           0x000000010041915f uc_driver + 700767
10  uc_driver                           0x0000000100419691 uc_driver + 702097
11  uc_driver                           0x000000010040df56 uc_driver + 655190
12  uc_driver                           0x000000010043b7dd uc_driver + 841693
13  uc_driver                           0x000000010040de58 uc_driver + 654936
14  uc_driver                           0x000000010043b96e uc_driver + 842094
15  uc_driver                           0x0000000100458b9b uc_driver + 961435
16  uc_driver                           0x000000010043b553 uc_driver + 841043
17  uc_driver                           0x000000010040c7f6 uc_driver + 649206
18  uc_driver                           0x000000010040d05e uc_driver + 651358
19  uc_driver                           0x0000000100821b00 uc_driver + 4930304
20  uc_driver                           0x0000000100826a16 uc_driver + 4950550
21  uc_driver                           0x00000001008270e5 uc_driver + 4952293
22  uc_driver                           0x0000000100803ec9 uc_driver + 4808393
23  uc_driver                           0x00000001008273d9 uc_driver + 4953049
24  uc_driver                           0x00000001007f5824 uc_driver + 4749348
25  uc_driver                           0x00000001008465a8 uc_driver + 5080488
26  uc_driver                           0x0000000100846767 uc_driver + 5080935
27  uc_driver                           0x0000000100855eae uc_driver + 5144238
28  libsystem_pthread.dylib             0x00007ff80edbc18b _pthread_start + 99
29  libsystem_pthread.dylib             0x00007ff80edb7ae3 thread_start + 15

2024-08-02 21:48:42,643 - ERROR - Error while scraping comic details from https://nettruyenfull.com/truyen-tranh/tieu-thu-trung-sinh-chinh-phuc-long-e-be-ha-s23672-23672: Message: stale element reference: stale element not found
  (Session info: chrome=127.0.6533.89); For documentation on this error, please visit: https://www.selenium.dev/documentation/webdriver/troubleshooting/errors#stale-element-reference-exception
Stacktrace:
0   uc_driver                           0x0000000103262898 uc_driver + 5179544
1   uc_driver                           0x000000010325a2ca uc_driver + 5145290
2   uc_driver                           0x0000000102dd12b0 uc_driver + 389808
3   uc_driver                           0x0000000102de1320 uc_driver + 455456
4   uc_driver                           0x0000000102de1c5a uc_driver + 457818
5   uc_driver                           0x0000000102dd7a55 uc_driver + 416341
6   uc_driver                           0x0000000102dd5d75 uc_driver + 408949
7   uc_driver                           0x0000000102dd8d6f uc_driver + 421231
8   uc_driver                           0x0000000102dd8e1c uc_driver + 421404
9   uc_driver                           0x0000000102e1d15f uc_driver + 700767
10  uc_driver                           0x0000000102e1d691 uc_driver + 702097
11  uc_driver                           0x0000000102e11f56 uc_driver + 655190
12  uc_driver                           0x0000000102e3f7dd uc_driver + 841693
13  uc_driver                           0x0000000102e11e58 uc_driver + 654936
14  uc_driver                           0x0000000102e3f96e uc_driver + 842094
15  uc_driver                           0x0000000102e5cb9b uc_driver + 961435
16  uc_driver                           0x0000000102e3f553 uc_driver + 841043
17  uc_driver                           0x0000000102e107f6 uc_driver + 649206
18  uc_driver                           0x0000000102e1105e uc_driver + 651358
19  uc_driver                           0x0000000103225b00 uc_driver + 4930304
20  uc_driver                           0x000000010322aa16 uc_driver + 4950550
21  uc_driver                           0x000000010322b0e5 uc_driver + 4952293
22  uc_driver                           0x0000000103207ec9 uc_driver + 4808393
23  uc_driver                           0x000000010322b3d9 uc_driver + 4953049
24  uc_driver                           0x00000001031f9824 uc_driver + 4749348
25  uc_driver                           0x000000010324a5a8 uc_driver + 5080488
26  uc_driver                           0x000000010324a767 uc_driver + 5080935
27  uc_driver                           0x0000000103259eae uc_driver + 5144238
28  libsystem_pthread.dylib             0x00007ff80edbc18b _pthread_start + 99
29  libsystem_pthread.dylib             0x00007ff80edb7ae3 thread_start + 15

2024-08-02 21:49:43,772 - ERROR - Error while scraping comic details from https://nettruyenfull.com/truyen-tranh/tieu-thu-trung-sinh-chinh-phuc-long-e-be-ha-s23672-23672: Message: stale element reference: stale element not found
  (Session info: chrome=127.0.6533.89); For documentation on this error, please visit: https://www.selenium.dev/documentation/webdriver/troubleshooting/errors#stale-element-reference-exception
Stacktrace:
0   uc_driver                           0x0000000104b30898 uc_driver + 5179544
1   uc_driver                           0x0000000104b282ca uc_driver + 5145290
2   uc_driver                           0x000000010469f2b0 uc_driver + 389808
3   uc_driver                           0x00000001046af320 uc_driver + 455456
4   uc_driver                           0x00000001046afc5a uc_driver + 457818
5   uc_driver                           0x00000001046a5a55 uc_driver + 416341
6   uc_driver                           0x00000001046a3d75 uc_driver + 408949
7   uc_driver                           0x00000001046a6d6f uc_driver + 421231
8   uc_driver                           0x00000001046a6e1c uc_driver + 421404
9   uc_driver                           0x00000001046eb15f uc_driver + 700767
10  uc_driver                           0x00000001046eb691 uc_driver + 702097
11  uc_driver                           0x00000001046dff56 uc_driver + 655190
12  uc_driver                           0x000000010470d7dd uc_driver + 841693
13  uc_driver                           0x00000001046dfe58 uc_driver + 654936
14  uc_driver                           0x000000010470d96e uc_driver + 842094
15  uc_driver                           0x000000010472ab9b uc_driver + 961435
16  uc_driver                           0x000000010470d553 uc_driver + 841043
17  uc_driver                           0x00000001046de7f6 uc_driver + 649206
18  uc_driver                           0x00000001046df05e uc_driver + 651358
19  uc_driver                           0x0000000104af3b00 uc_driver + 4930304
20  uc_driver                           0x0000000104af8a16 uc_driver + 4950550
21  uc_driver                           0x0000000104af90e5 uc_driver + 4952293
22  uc_driver                           0x0000000104ad5ec9 uc_driver + 4808393
23  uc_driver                           0x0000000104af93d9 uc_driver + 4953049
24  uc_driver                           0x0000000104ac7824 uc_driver + 4749348
25  uc_driver                           0x0000000104b185a8 uc_driver + 5080488
26  uc_driver                           0x0000000104b18767 uc_driver + 5080935
27  uc_driver                           0x0000000104b27eae uc_driver + 5144238
28  libsystem_pthread.dylib             0x00007ff80edbc18b _pthread_start + 99
29  libsystem_pthread.dylib             0x00007ff80edb7ae3 thread_start + 15

2024-08-02 21:49:43,773 - ERROR - Error while scraping homepage https://nettruyenfull.com: Expecting value: line 1 column 1 (char 0)
2024-08-02 21:53:42,017 - ERROR - Error while scraping comic details from https://nettruyenfull.com/truyen-tranh/tieu-thu-trung-sinh-chinh-phuc-long-e-be-ha-s23672-23672: Message: stale element reference: stale element not found
  (Session info: chrome=127.0.6533.89); For documentation on this error, please visit: https://www.selenium.dev/documentation/webdriver/troubleshooting/errors#stale-element-reference-exception
Stacktrace:
0   uc_driver                           0x00000001044f5898 uc_driver + 5179544
1   uc_driver                           0x00000001044ed2ca uc_driver + 5145290
2   uc_driver                           0x00000001040642b0 uc_driver + 389808
3   uc_driver                           0x0000000104074320 uc_driver + 455456
4   uc_driver                           0x0000000104074c5a uc_driver + 457818
5   uc_driver                           0x000000010406aa55 uc_driver + 416341
6   uc_driver                           0x0000000104068d75 uc_driver + 408949
7   uc_driver                           0x000000010406bd6f uc_driver + 421231
8   uc_driver                           0x000000010406be1c uc_driver + 421404
9   uc_driver                           0x00000001040aa9b2 uc_driver + 678322
10  uc_driver                           0x00000001040d27b2 uc_driver + 841650
11  uc_driver                           0x00000001040a4e58 uc_driver + 654936
12  uc_driver                           0x00000001040d296e uc_driver + 842094
13  uc_driver                           0x00000001040efb9b uc_driver + 961435
14  uc_driver                           0x00000001040d2553 uc_driver + 841043
15  uc_driver                           0x00000001040a37f6 uc_driver + 649206
16  uc_driver                           0x00000001040a405e uc_driver + 651358
17  uc_driver                           0x00000001044b8b00 uc_driver + 4930304
18  uc_driver                           0x00000001044bda16 uc_driver + 4950550
19  uc_driver                           0x00000001044be0e5 uc_driver + 4952293
20  uc_driver                           0x000000010449aec9 uc_driver + 4808393
21  uc_driver                           0x00000001044be3d9 uc_driver + 4953049
22  uc_driver                           0x000000010448c824 uc_driver + 4749348
23  uc_driver                           0x00000001044dd5a8 uc_driver + 5080488
24  uc_driver                           0x00000001044dd767 uc_driver + 5080935
25  uc_driver                           0x00000001044eceae uc_driver + 5144238
26  libsystem_pthread.dylib             0x00007ff80edbc18b _pthread_start + 99
27  libsystem_pthread.dylib             0x00007ff80edb7ae3 thread_start + 15

2024-08-02 21:53:42,018 - ERROR - Error while scraping homepage https://nettruyenfull.com: Expecting value: line 1 column 1 (char 0)
2024-08-02 21:55:55,043 - ERROR - Error while scraping comic details from https://nettruyenfull.com/truyen-tranh/tieu-thu-trung-sinh-chinh-phuc-long-e-be-ha-s23672-23672: Message: stale element reference: stale element not found
  (Session info: chrome=127.0.6533.89); For documentation on this error, please visit: https://www.selenium.dev/documentation/webdriver/troubleshooting/errors#stale-element-reference-exception
Stacktrace:
0   uc_driver                           0x0000000103083898 uc_driver + 5179544
1   uc_driver                           0x000000010307b2ca uc_driver + 5145290
2   uc_driver                           0x0000000102bf22b0 uc_driver + 389808
3   uc_driver                           0x0000000102c02320 uc_driver + 455456
4   uc_driver                           0x0000000102c02c5a uc_driver + 457818
5   uc_driver                           0x0000000102bf8a55 uc_driver + 416341
6   uc_driver                           0x0000000102bf6d75 uc_driver + 408949
7   uc_driver                           0x0000000102bf9d6f uc_driver + 421231
8   uc_driver                           0x0000000102bf9e1c uc_driver + 421404
9   uc_driver                           0x0000000102c389b2 uc_driver + 678322
10  uc_driver                           0x0000000102c607b2 uc_driver + 841650
11  uc_driver                           0x0000000102c32e58 uc_driver + 654936
12  uc_driver                           0x0000000102c6096e uc_driver + 842094
13  uc_driver                           0x0000000102c7db9b uc_driver + 961435
14  uc_driver                           0x0000000102c60553 uc_driver + 841043
15  uc_driver                           0x0000000102c317f6 uc_driver + 649206
16  uc_driver                           0x0000000102c3205e uc_driver + 651358
17  uc_driver                           0x0000000103046b00 uc_driver + 4930304
18  uc_driver                           0x000000010304ba16 uc_driver + 4950550
19  uc_driver                           0x000000010304c0e5 uc_driver + 4952293
20  uc_driver                           0x0000000103028ec9 uc_driver + 4808393
21  uc_driver                           0x000000010304c3d9 uc_driver + 4953049
22  uc_driver                           0x000000010301a824 uc_driver + 4749348
23  uc_driver                           0x000000010306b5a8 uc_driver + 5080488
24  uc_driver                           0x000000010306b767 uc_driver + 5080935
25  uc_driver                           0x000000010307aeae uc_driver + 5144238
26  libsystem_pthread.dylib             0x00007ff80edbc18b _pthread_start + 99
27  libsystem_pthread.dylib             0x00007ff80edb7ae3 thread_start + 15

2024-08-02 21:55:55,043 - ERROR - Error while scraping homepage https://nettruyenfull.com: Expecting value: line 1 column 1 (char 0)
2024-08-02 21:57:21,770 - ERROR - Error while scraping comic details from https://nettruyenfull.com/truyen-tranh/tieu-thu-trung-sinh-chinh-phuc-long-e-be-ha-s23672-23672: Message: stale element reference: stale element not found
  (Session info: chrome=127.0.6533.89); For documentation on this error, please visit: https://www.selenium.dev/documentation/webdriver/troubleshooting/errors#stale-element-reference-exception
Stacktrace:
0   uc_driver                           0x0000000102b21898 uc_driver + 5179544
1   uc_driver                           0x0000000102b192ca uc_driver + 5145290
2   uc_driver                           0x00000001026902b0 uc_driver + 389808
3   uc_driver                           0x00000001026a0320 uc_driver + 455456
4   uc_driver                           0x00000001026a0c5a uc_driver + 457818
5   uc_driver                           0x0000000102696a55 uc_driver + 416341
6   uc_driver                           0x0000000102694d75 uc_driver + 408949
7   uc_driver                           0x0000000102697d6f uc_driver + 421231
8   uc_driver                           0x0000000102697e1c uc_driver + 421404
9   uc_driver                           0x00000001026d69b2 uc_driver + 678322
10  uc_driver                           0x00000001026fe7b2 uc_driver + 841650
11  uc_driver                           0x00000001026d0e58 uc_driver + 654936
12  uc_driver                           0x00000001026fe96e uc_driver + 842094
13  uc_driver                           0x000000010271bb9b uc_driver + 961435
14  uc_driver                           0x00000001026fe553 uc_driver + 841043
15  uc_driver                           0x00000001026cf7f6 uc_driver + 649206
16  uc_driver                           0x00000001026d005e uc_driver + 651358
17  uc_driver                           0x0000000102ae4b00 uc_driver + 4930304
18  uc_driver                           0x0000000102ae9a16 uc_driver + 4950550
19  uc_driver                           0x0000000102aea0e5 uc_driver + 4952293
20  uc_driver                           0x0000000102ac6ec9 uc_driver + 4808393
21  uc_driver                           0x0000000102aea3d9 uc_driver + 4953049
22  uc_driver                           0x0000000102ab8824 uc_driver + 4749348
23  uc_driver                           0x0000000102b095a8 uc_driver + 5080488
24  uc_driver                           0x0000000102b09767 uc_driver + 5080935
25  uc_driver                           0x0000000102b18eae uc_driver + 5144238
26  libsystem_pthread.dylib             0x00007ff80edbc18b _pthread_start + 99
27  libsystem_pthread.dylib             0x00007ff80edb7ae3 thread_start + 15

2024-08-02 21:57:21,771 - ERROR - Error while scraping homepage https://nettruyenfull.com: Expecting value: line 1 column 1 (char 0)
2024-08-02 21:59:03,201 - ERROR - Error while scraping homepage https://nettruyenfull.com: Expecting value: line 1 column 1 (char 0)
2024-08-02 21:59:37,046 - ERROR - Error while scraping homepage https://nettruyenfull.com: Expecting value: line 1 column 1 (char 0)
2024-08-02 22:01:01,440 - ERROR - Error while scraping homepage https://nettruyenfull.com: Message: stale element reference: stale element not found
  (Session info: chrome=127.0.6533.89); For documentation on this error, please visit: https://www.selenium.dev/documentation/webdriver/troubleshooting/errors#stale-element-reference-exception
Stacktrace:
0   uc_driver                           0x0000000101012898 uc_driver + 5179544
1   uc_driver                           0x000000010100a2ca uc_driver + 5145290
2   uc_driver                           0x0000000100b812b0 uc_driver + 389808
3   uc_driver                           0x0000000100b91320 uc_driver + 455456
4   uc_driver                           0x0000000100b91c5a uc_driver + 457818
5   uc_driver                           0x0000000100b87a55 uc_driver + 416341
6   uc_driver                           0x0000000100b85d75 uc_driver + 408949
7   uc_driver                           0x0000000100b88d6f uc_driver + 421231
8   uc_driver                           0x0000000100b88e1c uc_driver + 421404
9   uc_driver                           0x0000000100bcd15f uc_driver + 700767
10  uc_driver                           0x0000000100bcd691 uc_driver + 702097
11  uc_driver                           0x0000000100bc1f56 uc_driver + 655190
12  uc_driver                           0x0000000100bef7dd uc_driver + 841693
13  uc_driver                           0x0000000100bc1e58 uc_driver + 654936
14  uc_driver                           0x0000000100bef96e uc_driver + 842094
15  uc_driver                           0x0000000100c0cb9b uc_driver + 961435
16  uc_driver                           0x0000000100bef553 uc_driver + 841043
17  uc_driver                           0x0000000100bc07f6 uc_driver + 649206
18  uc_driver                           0x0000000100bc105e uc_driver + 651358
19  uc_driver                           0x0000000100fd5b00 uc_driver + 4930304
20  uc_driver                           0x0000000100fdaa16 uc_driver + 4950550
21  uc_driver                           0x0000000100fdb0e5 uc_driver + 4952293
22  uc_driver                           0x0000000100fb7ec9 uc_driver + 4808393
23  uc_driver                           0x0000000100fdb3d9 uc_driver + 4953049
24  uc_driver                           0x0000000100fa9824 uc_driver + 4749348
25  uc_driver                           0x0000000100ffa5a8 uc_driver + 5080488
26  uc_driver                           0x0000000100ffa767 uc_driver + 5080935
27  uc_driver                           0x0000000101009eae uc_driver + 5144238
28  libsystem_pthread.dylib             0x00007ff80edbc18b _pthread_start + 99
29  libsystem_pthread.dylib             0x00007ff80edb7ae3 thread_start + 15

2024-08-02 22:02:06,226 - ERROR - Error while getting images from chapter https://nettruyenfull.com/truyen-tranh/tieu-thu-trung-sinh-chinh-phuc-long-e-be-ha-s23672/chap-2/1974078: HTTPConnectionPool(host='localhost', port=62779): Max retries exceeded with url: /session/1d2eaf01b7320b8f9067767cd0d4c056/element/f.F78174574315A492BBC6976373718A62.d.F00870437389D877EBBD098B1FF37F96.e.50/element (Caused by NewConnectionError('<urllib3.connection.HTTPConnection object at 0x104d151c0>: Failed to establish a new connection: [Errno 61] Connection refused'))
2024-08-02 22:02:06,228 - ERROR - Error while scraping homepage https://nettruyenfull.com: HTTPConnectionPool(host='localhost', port=62779): Max retries exceeded with url: /session/1d2eaf01b7320b8f9067767cd0d4c056/element/f.F78174574315A492BBC6976373718A62.d.20E7AAB7B05C92D3D70F88ACD737080F.e.34/element (Caused by NewConnectionError('<urllib3.connection.HTTPConnection object at 0x104d16cc0>: Failed to establish a new connection: [Errno 61] Connection refused'))
2024-08-02 22:03:23,602 - ERROR - Error while scraping homepage https://nettruyenfull.com: HTTPConnectionPool(host='localhost', port=62937): Max retries exceeded with url: /session/7770854ed25500af01005edacf4a0cc3/element/f.7A2A76AEC515621E4AE67A2C2BB91C96.d.BD52CF5D77DD5FE0B06E90C4A8E68466.e.33/element (Caused by NewConnectionError('<urllib3.connection.HTTPConnection object at 0x106ee0260>: Failed to establish a new connection: [Errno 61] Connection refused'))
2024-08-02 22:04:30,533 - ERROR - Error while scraping homepage https://nettruyenfull.com: get_image_in_chapter() takes 1 positional argument but 2 were given
2024-08-02 22:07:08,279 - ERROR - Error while scraping homepage https://nettruyenfull.com: get_image_in_chapter() takes 1 positional argument but 2 were given
2024-08-02 22:07:39,278 - ERROR - Error while scraping homepage https://nettruyenfull.com: get_image_in_chapter() takes 1 positional argument but 2 were given
2024-08-02 22:08:10,408 - ERROR - Error while getting images from chapter https://nettruyenfull.com/truyen-tranh/tieu-thu-trung-sinh-chinh-phuc-long-e-be-ha-s23672/chap-2/1974078: name 'driver' is not defined
2024-08-02 22:08:10,601 - ERROR - Error while scraping homepage https://nettruyenfull.com: name 'driver' is not defined
2024-08-02 22:09:20,260 - ERROR - Error while scraping homepage https://nettruyenfull.com: Message: no such window: target window already closed
from unknown error: web view not found
  (Session info: chrome=127.0.6533.89)
Stacktrace:
0   uc_driver                           0x00000001010d2898 uc_driver + 5179544
1   uc_driver                           0x00000001010ca2ca uc_driver + 5145290
2   uc_driver                           0x0000000100c412b0 uc_driver + 389808
3   uc_driver                           0x0000000100c18614 uc_driver + 222740
4   uc_driver                           0x0000000100cb78ed uc_driver + 874733
5   uc_driver                           0x0000000100ccc4a9 uc_driver + 959657
6   uc_driver                           0x0000000100caf553 uc_driver + 841043
7   uc_driver                           0x0000000100c807f6 uc_driver + 649206
8   uc_driver                           0x0000000100c8105e uc_driver + 651358
9   uc_driver                           0x0000000101095b00 uc_driver + 4930304
10  uc_driver                           0x000000010109aa16 uc_driver + 4950550
11  uc_driver                           0x000000010109b0e5 uc_driver + 4952293
12  uc_driver                           0x0000000101077ec9 uc_driver + 4808393
13  uc_driver                           0x000000010109b3d9 uc_driver + 4953049
14  uc_driver                           0x0000000101069824 uc_driver + 4749348
15  uc_driver                           0x00000001010ba5a8 uc_driver + 5080488
16  uc_driver                           0x00000001010ba767 uc_driver + 5080935
17  uc_driver                           0x00000001010c9eae uc_driver + 5144238
18  libsystem_pthread.dylib             0x00007ff80edbc18b _pthread_start + 99
19  libsystem_pthread.dylib             0x00007ff80edb7ae3 thread_start + 15

2024-08-02 22:17:08,159 - ERROR - Error on line 55 while getting images from chapter https://nettruyenfull.com/truyen-tranh/nguyen-lai-ta-la-tu-tien-ai-lao-s114/chap-428/1974060
2024-08-02 22:17:08,194 - ERROR - Error on line 55 while getting images from chapter https://nettruyenfull.com/truyen-tranh/nguyen-lai-ta-la-tu-tien-ai-lao-s114/chap-427/1974059
2024-08-02 22:18:09,824 - ERROR - Error on line 55 while getting images from chapter https://nettruyenfull.com/truyen-tranh/nguyen-lai-ta-la-tu-tien-ai-lao-s114/chap-426/1973805
2024-08-02 22:18:11,189 - ERROR - Error on line 55 while getting images from chapter https://nettruyenfull.com/truyen-tranh/nguyen-lai-ta-la-tu-tien-ai-lao-s114/chap-425/1973804
2024-08-02 22:18:11,818 - ERROR - Error on line 55 while getting images from chapter https://nettruyenfull.com/truyen-tranh/nguyen-lai-ta-la-tu-tien-ai-lao-s114/chap-424/1974058
2024-08-02 22:22:59,330 - ERROR - Error on line 52 while getting images from chapter https://nettruyenfull.com/truyen-tranh/nguyen-lai-ta-la-tu-tien-ai-lao-s114/chap-29/36679
2024-08-02 22:28:05,538 - ERROR - Error on line 52 while getting images from chapter https://nettruyenfull.com/truyen-tranh/nguyen-lai-ta-la-tu-tien-ai-lao-s114/chap-408/1955523
2024-08-02 22:28:05,687 - ERROR - Error on line 52 while getting images from chapter https://nettruyenfull.com/truyen-tranh/nguyen-lai-ta-la-tu-tien-ai-lao-s114/chap-407/1955522
2024-08-02 22:33:32,031 - ERROR - Error on line 52 while getting images from chapter https://nettruyenfull.com/truyen-tranh/nguyen-lai-ta-la-tu-tien-ai-lao-s114/chap-439/1974071
